Arguments: 
  C:\Program Files\nodejs\node.exe C:\Users\55359\AppData\Roaming\npm\node_modules\yarn\bin\yarn.js add --exact react react-dom react-scripts cra-template --cwd C:\Users\55359\masterclass2-typescript\frontend

PATH: 
  C:\Users\55359\AppData\Local\Temp\yarn--1653393159009-0.7569651102003678;C:\Users\55359\AppData\Local\Yarn\Data\global\node_modules\.bin;C:\Users\55359\AppData\Local\Yarn\Data\link\node_modules\.bin;C:\Users\55359\AppData\Local\Yarn\bin;C:\Program Files\libexec\lib\node_modules\npm\bin\node-gyp-bin;C:\Program Files\lib\node_modules\npm\bin\node-gyp-bin;C:\Program Files\nodejs\node_modules\npm\bin\node-gyp-bin;C:\Program Files (x86)\Embarcadero\Studio\21.0\bin;C:\Users\Public\Documents\Embarcadero\Studio\21.0\Bpl;C:\Program Files (x86)\Embarcadero\Studio\21.0\bin64;C:\Users\Public\Documents\Embarcadero\Studio\21.0\Bpl\Win64;C:\Program Files\Amazon Corretto\jdk11.0.13_8\bin;C:\Windows\system32;C:\Windows;C:\Windows\System32\Wbem;C:\Windows\System32\WindowsPowerShell\v1.0\;C:\Windows\System32\OpenSSH\;C:\Program Files\Microsoft VS Code\bin;C:\ProgramData\chocolatey\bin;C:\Program Files\Git\cmd;C:\Program Files\Java\jdk1.8.0_211\bin;C:\Program Files\nodejs\;C:\Users\55359\AppData\Local\Microsoft\WindowsApps;C:\src\flutter\bin;C:\Users\55359\AppData\Roaming\npm

Yarn version: 
  1.22.18

Node version: 
  16.14.0

Platform: 
  win32 x64

Trace: 
  Error: https://registry.yarnpkg.com/eslint/-/eslint-8.16.0.tgz: ESOCKETTIMEDOUT
      at ClientRequest.<anonymous> (C:\Users\55359\AppData\Roaming\npm\node_modules\yarn\lib\cli.js:141510:19)
      at Object.onceWrapper (node:events:639:28)
      at ClientRequest.emit (node:events:520:28)
      at TLSSocket.emitRequestTimeout (node:_http_client:758:9)
      at Object.onceWrapper (node:events:639:28)
      at TLSSocket.emit (node:events:532:35)
      at TLSSocket.Socket._onTimeout (node:net:501:8)
      at listOnTimeout (node:internal/timers:559:17)
      at processTimers (node:internal/timers:502:7)

npm manifest: 
  {
    "name": "frontend",
    "version": "0.1.0",
    "private": true
  }

yarn manifest: 
  No manifest

Lockfile: 
  No lockfile
